Starting Dynare (version 5.3).
Calling Dynare with arguments: none
Starting preprocessing of the model file ...
Found 18 equation(s).
Evaluating expressions...done
Computing static model derivatives (order 1).
Computing dynamic model derivatives (order 1).
Processing outputs ...
done
Preprocessing completed.

    "Model with increased willingness to substitute between home and market (logs)"

    "The numbering of the equations is referenced to the P&P solutions."





Residuals of the static equations:

Equation number 1 : 0 : (113) Resource Constraint
Equation number 2 : 0 : (114) Household FOC w.r.t. hh
Equation number 3 : 0 : (115) Household FOC w.r.t. hm
Equation number 4 : 0 : (116) Household FOC w.r.t. kh
Equation number 5 : 0 : (117) Household FOC w.r.t. km
Equation number 6 : 0 : (118) Firm FOC w.r.t. km
Equation number 7 : 0 : (119) Firm FOC w.r.t. hm
Equation number 8 : 0 : (120) Market Output
Equation number 9 : 0 : (121) Total Consumption
Equation number 10 : 0 : (122) Leisure
Equation number 11 : 0 : (123) Home production
Equation number 12 : 0 : (124) Market Investments
Equation number 13 : 0 : (125) Home Investments
Equation number 14 : 0 : (126) Total Investments
Equation number 15 : 0 : (127) Total Capital
Equation number 16 : 0 : (128) Government Transfer
Equation number 17 : 0 : (129) Market Technology
Equation number 18 : 0 : (130) Home Technology



STEADY-STATE RESULTS:

C  		 -0.722515
cm 		 -0.822625
ch 		 -0.586307
l  		 -0.867501
hm 		 -1.10866
hh 		 -1.38629
k  		 1.66694
km 		 0.856215
kh 		 1.079
x  		 -1.90241
xm 		 -2.71314
xh 		 -2.49036
r  		 -2.60923
T  		 -1.68009
w  		 0.229753
y  		 -0.530203
zm 		 0
zh 		 0

EIGENVALUES:
         Modulus             Real        Imaginary

       4.792e-15        4.792e-15                0
            0.95             0.95                0
            0.95             0.95                0
           0.959            0.959                0
           1.121            1.121                0
       1.619e+16        1.619e+16                0
       1.757e+16        1.757e+16                0
       5.479e+18        5.479e+18                0


There are 4 eigenvalue(s) larger than 1 in modulus 
for 4 forward-looking variable(s)

The rank condition is verified.

MODEL_DIAGNOSTICS:  No obvious problems with this mod-file were detected.
                                          Information about Model2_log (dynamic model)

The following variables appear with a lag and are therefore states:
km(-1)
kh(-1)
zm(-1)
zh(-1)

The following variables appear with a lead and are therefore forward-looking variables:
C(1)
cm(1)
ch(1)
r(1)

The following variables do not appear with a lead or lag and are therefore purely static variables:
l
hm
hh
k
x
xm
xh
T
w
y


MODEL SUMMARY

  Number of variables:         18
  Number of stochastic shocks: 2
  Number of state variables:   4
  Number of jumpers:           4
  Number of static variables:  10


MATRIX OF COVARIANCE OF EXOGENOUS SHOCKS
Variables          eh        em
eh           0.000098  0.000066
em           0.000066  0.000098

POLICY AND TRANSITION FUNCTIONS
                                   C              cm              ch               k              km              kh               x              xm              xh               l              hm              hh              zm              zh               r               w               y               T
Constant                   -0.722515       -0.822625       -0.586307        1.666945        0.856215        1.078998       -1.902411       -2.713141       -2.490358       -0.867501       -1.108663       -1.386294               0               0       -2.609234        0.229753       -0.530203       -1.680092
km(-1)                      0.137683        0.361471       -0.143777        0.449873        0.524650        0.390030        0.634953      -15.950781       13.908325       -0.025205        0.193327       -0.212846               0               0       -0.569189        0.237485        0.430811        0.312527
kh(-1)                      0.293202        0.122833        0.507478        0.501017        0.584295        0.434371       -1.386172       20.835750      -19.170121        0.128027       -0.368155        0.270878               0               0       -0.259770        0.108385       -0.259770       -0.313753
zm(-1)                      0.289204        0.783363       -0.332307        0.046257        0.751865       -0.518433        1.649520       26.811232      -18.487110       -0.077601        0.471449       -0.491942        0.950000               0        1.002974        0.531525        1.002974        1.211404
zh(-1)                      0.126810       -0.497044        0.911440        0.029726       -0.618112        0.548184        1.060033      -22.041653       19.548047       -0.123805       -0.144916        0.399282               0        0.950000       -0.102253        0.042663       -0.102253       -0.123502
eh                          0.133484       -0.523204        0.959410        0.031291       -0.650645        0.577036        1.115824      -23.201740       20.576892       -0.130321       -0.152543        0.420297               0        1.000000       -0.107635        0.044909       -0.107635       -0.130002
em                          0.304426        0.824593       -0.349797        0.048692        0.791437       -0.545719        1.736337       28.222350      -19.460116       -0.081686        0.496262       -0.517834        1.000000               0        1.055763        0.559500        1.055763        1.275162


MOMENTS OF SIMULATED VARIABLES (HP filter, lambda = 1600)
VARIABLE              MEAN       STD. DEV.        VARIANCE        SKEWNESS        KURTOSIS
C                -0.723576        0.005687        0.000032        0.196578        0.131563
cm               -0.831843        0.009355        0.000088       -0.006434       -0.160484
ch               -0.577109        0.012305        0.000151        0.100825       -0.155606
k                 1.661940        0.004169        0.000017        0.374386        0.104158
km                0.844396        0.008985        0.000081        0.015995       -0.097950
kh                1.079446        0.006543        0.000043        0.221307       -0.146786
x                -1.905394        0.039357        0.001549       -0.027063        0.217330
xm               -2.722764        0.193611        0.037485        0.044325        0.089116
xh               -2.488026        0.158811        0.025221       -0.006561       -0.031397
l                -0.867938        0.002826        0.000008        0.053851        0.271392
hm               -1.112957        0.007716        0.000060       -0.107497       -0.169648
hh               -1.379892        0.007385        0.000055        0.126714       -0.201924
zm               -0.001572        0.013412        0.000180        0.042164        0.245521
zh                0.007024        0.013487        0.000182        0.057305       -0.017576
r                -2.604989        0.013031        0.000170       -0.064637        0.255681
w                 0.226410        0.008488        0.000072        0.121543        0.169162
y                -0.537840        0.015554        0.000242        0.013378        0.018153
T                -1.686847        0.017834        0.000318       -0.002398        0.077178


CORRELATION OF SIMULATED VARIABLES (HP filter, lambda = 1600)
VARIABLE          C       cm       ch        k       km       kh        x       xm       xh        l       hm       hh       zm       zh        r        w        y        T
C            1.0000   0.5027   0.5628   0.5150   0.3815   0.1715   0.8734   0.2786   0.1178  -0.8748   0.5695  -0.2230   0.9029   0.8604   0.7870   0.9226   0.7860   0.8050
cm           0.5027   1.0000  -0.4317   0.4069   0.9337  -0.5593   0.6715   0.3563  -0.0481  -0.5293   0.9285  -0.9401   0.7052   0.0580   0.5405   0.7681   0.8798   0.8494
ch           0.5628  -0.4317   1.0000   0.1483  -0.4948   0.7138   0.2693  -0.0500   0.1689  -0.4067  -0.2935   0.6663   0.2678   0.8423   0.3044   0.2282  -0.0211   0.0279
k            0.5150   0.4069   0.1483   1.0000   0.6042   0.4830   0.2411  -0.0840   0.1895  -0.1715   0.1998  -0.1653   0.2512   0.2059  -0.0619   0.4366   0.3374   0.2848
km           0.3815   0.9337  -0.4948   0.6042   1.0000  -0.4058   0.4303   0.3483  -0.1478  -0.2669   0.7390  -0.8476   0.4905  -0.1310   0.2698   0.6023   0.6953   0.6473
kh           0.1715  -0.5593   0.7138   0.4830  -0.4058   1.0000  -0.1963  -0.4790   0.3798   0.0966  -0.5829   0.7418  -0.2509   0.3801  -0.3675  -0.1610  -0.3770  -0.3846
x            0.8734   0.6715   0.2693   0.2411   0.4303  -0.1963   1.0000   0.1734   0.2770  -0.9841   0.8401  -0.5259   0.9731   0.7439   0.8947   0.9644   0.9430   0.9583
xm           0.2786   0.3563  -0.0500  -0.0840   0.3483  -0.4790   0.1734   1.0000  -0.8983  -0.1098   0.2256  -0.2406   0.3896   0.0325   0.5053   0.2919   0.2712   0.3133
xh           0.1178  -0.0481   0.1689   0.1895  -0.1478   0.3798   0.2770  -0.8983   1.0000  -0.3319   0.1547   0.0001   0.0540   0.3002  -0.0939   0.1455   0.1561   0.1219
l           -0.8748  -0.5293  -0.4067  -0.1715  -0.2669   0.0966  -0.9841  -0.1098  -0.3319   1.0000  -0.7417   0.3800  -0.9439  -0.8348  -0.8950  -0.9182  -0.8690  -0.8938
hm           0.5695   0.9285  -0.2935   0.1998   0.7390  -0.5829   0.8401   0.2256   0.1547  -0.7417   1.0000  -0.9023   0.8223   0.2627   0.7133   0.8424   0.9558   0.9419
hh          -0.2230  -0.9401   0.6663  -0.1653  -0.8476   0.7418  -0.5259  -0.2406   0.0001   0.3800  -0.9023   1.0000  -0.5272   0.1745  -0.4084  -0.5715  -0.7595  -0.7244
zm           0.9029   0.7052   0.2678   0.2512   0.4905  -0.2509   0.9731   0.3896   0.0540  -0.9439   0.8223  -0.5272   1.0000   0.7195   0.9421   0.9767   0.9409   0.9637
zh           0.8604   0.0580   0.8423   0.2059  -0.1310   0.3801   0.7439   0.0325   0.3002  -0.8348   0.2627   0.1745   0.7195   1.0000   0.7076   0.6836   0.5033   0.5464
r            0.7870   0.5405   0.3044  -0.0619   0.2698  -0.3675   0.8947   0.5053  -0.0939  -0.8950   0.7133  -0.4084   0.9421   0.7076   1.0000   0.8481   0.8167   0.8641
w            0.9226   0.7681   0.2282   0.4366   0.6023  -0.1610   0.9644   0.2919   0.1455  -0.9182   0.8424  -0.5715   0.9767   0.6836   0.8481   1.0000   0.9636   0.9692
y            0.7860   0.8798  -0.0211   0.3374   0.6953  -0.3770   0.9430   0.2712   0.1561  -0.8690   0.9558  -0.7595   0.9409   0.5033   0.8167   0.9636   1.0000   0.9962
T            0.8050   0.8494   0.0279   0.2848   0.6473  -0.3846   0.9583   0.3133   0.1219  -0.8938   0.9419  -0.7244   0.9637   0.5464   0.8641   0.9692   0.9962   1.0000


AUTOCORRELATION OF SIMULATED VARIABLES (HP filter, lambda = 1600)
VARIABLE          1        2        3        4        5
C            0.7567   0.5397   0.3702   0.2255   0.0859
cm           0.8068   0.5728   0.4005   0.2474   0.1149
ch           0.7990   0.5357   0.3229   0.1509   0.0134
k            0.9623   0.8708   0.7432   0.5926   0.4303
km           0.8104   0.6306   0.4891   0.3429   0.2131
kh           0.7616   0.5437   0.3846   0.2213   0.0877
x            0.7444   0.4923   0.3157   0.1652   0.0356
xm          -0.0274  -0.1091   0.0152  -0.0410  -0.0623
xh          -0.0389  -0.1228   0.0084  -0.0621  -0.0720
l            0.7211   0.4715   0.2989   0.1482   0.0225
hm           0.8079   0.5424   0.3511   0.1908   0.0559
hh           0.8357   0.5671   0.3634   0.1946   0.0580
zm           0.7267   0.4835   0.3137   0.1736   0.0412
zh           0.7328   0.4834   0.2946   0.1364   0.0072
r            0.6864   0.4522   0.2958   0.1641   0.0349
w            0.7663   0.5328   0.3620   0.2169   0.0813
y            0.7841   0.5342   0.3551   0.2041   0.0699
T            0.7697   0.5183   0.3403   0.1915   0.0578



VARIANCE DECOMPOSITION SIMULATING ONE SHOCK AT A TIME (in percent) (HP filter, lambda = 1600)
                    eh                em  Tot. lin. contr.
C                74.41             21.07             95.47
cm                1.71             97.56             99.27
ch               79.86             27.88            107.73
k                38.01             52.51             90.52
km               13.35             85.64             98.99
kh               29.57             73.16            102.73
x                48.80             43.99             92.78
xm                9.16             94.63            103.79
xh               19.46             83.69            103.15
l                64.38             28.73             93.11
hm                5.23             91.94             97.17
hh                7.36             96.38            103.73
zm               44.99             48.53             93.52
zh              100.11              0.00            100.11
r                46.79             47.10             93.89
w                41.19             51.98             93.17
y                19.69             74.41             94.10
T                23.66             70.16             93.82
Note: numbers do not add up to 100 due to non-zero correlation of simulated shocks in small samples

Total computing time : 0h00m10s
