Starting Dynare (version 5.3).
Calling Dynare with arguments: none
Starting preprocessing of the model file ...
Found 18 equation(s).
Evaluating expressions...done
Computing static model derivatives (order 1).
Computing dynamic model derivatives (order 1).
Processing outputs ...
done
Preprocessing completed.

    "Model with home production minimized (levels)"

    "The numbering of the equations is referenced to the P&P solutions."

    "Manuel Bieri and Michael Wagner (2023)"

    "Replace (93) with (146) for steady state calculation"





Residuals of the static equations:

Equation number 1 : 0 : (41) Resource Constraint
Equation number 2 : 0 : (42) Household FOC w.r.t. hh
Equation number 3 : 0 : (43) Household FOC w.r.t. hm
Equation number 4 : 0 : (44) Household FOC w.r.t. kh
Equation number 5 : 0 : (45) Household FOC w.r.t. km
Equation number 6 : 0 : (46) Firm FOC w.r.t. km
Equation number 7 : 0 : (47) Firm FOC w.r.t. hm
Equation number 8 : 0 : (48) Market Output
Equation number 9 : 0 : (140) Total Consumption
Equation number 10 : 0 : (50) Leisure
Equation number 11 : 0 : (51) Home production
Equation number 12 : 0 : (52) Market Investments
Equation number 13 : 0 : (53) Home Investments
Equation number 14 : 0 : (54) Total Investments
Equation number 15 : 0 : (55) Total Capital
Equation number 16 : 0 : (56) Government Transfer
Equation number 17 : 0 : (57) Market Technology
Equation number 18 : 0 : (58) Home Technology



STEADY-STATE RESULTS:

C  		 0.487749
cm 		 0.439277
ch 		 0.556378
l  		 0.42
hm 		 0.33
hh 		 0.25
k  		 5.29596
km 		 2.35423
kh 		 2.94173
x  		 0.149208
xm 		 0.0663282
xh 		 0.0828803
r  		 0.0735909
T  		 0.186357
w  		 1.25829
y  		 0.588486
zm 		 1
zh 		 1

EIGENVALUES:
         Modulus             Real        Imaginary

       1.981e-15       -1.981e-15                0
            0.95             0.95                0
            0.95             0.95                0
          0.9587           0.9587                0
           1.118            1.118                0
       6.897e+16       -6.897e+16                0
       6.497e+17       -6.497e+17                0
             Inf              Inf                0


There are 4 eigenvalue(s) larger than 1 in modulus 
for 4 forward-looking variable(s)

The rank condition is verified.

MODEL_DIAGNOSTICS:  No obvious problems with this mod-file were detected.
                                          Information about Model1_level (dynamic model)

The following variables appear with a lag and are therefore states:
km(-1)
kh(-1)
zm(-1)
zh(-1)

The following variables appear with a lead and are therefore forward-looking variables:
C(1)
cm(1)
ch(1)
r(1)

The following variables do not appear with a lead or lag and are therefore purely static variables:
l
hm
hh
k
x
xm
xh
T
w
y


MODEL SUMMARY

  Number of variables:         18
  Number of stochastic shocks: 2
  Number of state variables:   4
  Number of jumpers:           4
  Number of static variables:  10


MATRIX OF COVARIANCE OF EXOGENOUS SHOCKS
Variables          eh        em
eh           0.000098  0.000066
em           0.000066  0.000098

POLICY AND TRANSITION FUNCTIONS
                                   C              cm              ch               k              km              kh               x              xm              xh               l              hm              hh              zm              zh               r               w               y               T
Constant                    0.487749        0.439277        0.556378        5.295963        2.354233        2.941730        0.149208        0.066328        0.082880        0.420000        0.330000        0.250000        1.000000        1.000000        0.073591        1.258289        0.588486        0.186357
km(-1)                      0.020786        0.038970       -0.008548        1.025501        0.491373        0.534128        0.053795       -0.482830        0.536625       -0.009552        0.015238       -0.005686               0               0       -0.019659        0.140245        0.092765        0.019031
kh(-1)                      0.052011        0.034096        0.079632        0.897253        0.429922        0.467331       -0.075053        0.431932       -0.506985        0.020404       -0.032550        0.012145               0               0       -0.005122        0.036538       -0.040957       -0.015665
zm(-1)                      0.075352        0.165254       -0.069187        0.382630        0.508804       -0.126174        0.384419        0.511182       -0.126764       -0.077318        0.123341       -0.046023        0.950000               0        0.068737        0.705001        0.549672        0.210239
zh(-1)                      0.138636               0        0.357042               0               0               0               0               0               0               0               0               0               0        0.950000               0               0               0               0
eh                          0.145933               0        0.375833               0               0               0               0               0               0               0               0               0               0        1.000000               0               0               0               0
em                          0.079318        0.173951       -0.072829        0.402769        0.535583       -0.132815        0.404651        0.538087       -0.133436       -0.081387        0.129832       -0.048445        1.000000               0        0.072355        0.742106        0.578602        0.221304


MOMENTS OF SIMULATED VARIABLES (HP filter, lambda = 1600)
VARIABLE              MEAN       STD. DEV.        VARIANCE        SKEWNESS        KURTOSIS
C                 0.487751        0.002840        0.000008        0.159134        0.020044
cm                0.438100        0.002491        0.000006        0.200378        0.166740
ch                0.558257        0.004283        0.000018        0.085241       -0.166226
k                 5.271560        0.022399        0.000502        0.348770        0.094117
km                2.342001        0.012739        0.000162        0.338340        0.098717
kh                2.929559        0.011357        0.000129        0.349776        0.114116
x                 0.148830        0.005871        0.000034        0.014812        0.275360
xm                0.066146        0.005095        0.000026        0.100577        0.197232
xh                0.082684        0.003654        0.000013       -0.036397        0.347001
l                 0.419995        0.001199        0.000001        0.020068        0.293021
hm                0.330008        0.001912        0.000004       -0.020068        0.293021
hh                0.249997        0.000713        0.000001        0.020068        0.293021
zm                0.998428        0.013412        0.000180        0.042164        0.245521
zh                1.007024        0.013487        0.000182        0.057305       -0.017576
r                 0.073784        0.000966        0.000001       -0.100496        0.276275
w                 1.254934        0.010513        0.000111        0.137039        0.206046
y                 0.586930        0.008246        0.000068        0.076301        0.241715
T                 0.185966        0.003087        0.000010        0.046102        0.252741


CORRELATION OF SIMULATED VARIABLES (HP filter, lambda = 1600)
VARIABLE          C       cm       ch        k       km       kh        x       xm       xh        l       hm       hh       zm       zh        r        w        y        T
C            1.0000   0.8767   0.8952   0.4727   0.7003   0.1468   0.8290   0.6203   0.4670  -0.8105   0.8105  -0.8105   0.8374   0.9284   0.7206   0.8719   0.8550   0.8421
cm           0.8767   1.0000   0.5706   0.5666   0.8179   0.2001   0.9343   0.6869   0.5433  -0.9115   0.9115  -0.9115   0.9441   0.6713   0.8017   0.9901   0.9673   0.9504
ch           0.8952   0.5706   1.0000   0.2821   0.4379   0.0652   0.5499   0.4227   0.2941  -0.5395   0.5395  -0.5395   0.5551   0.9633   0.4876   0.5715   0.5639   0.5574
k            0.4727   0.5666   0.2821   1.0000   0.9375   0.9207   0.2405  -0.0301   0.4283  -0.1832   0.1832  -0.1832   0.2634   0.1664  -0.0372   0.4472   0.3424   0.2836
km           0.7003   0.8179   0.4379   0.9375   1.0000   0.7273   0.5625   0.2691   0.5285  -0.5129   0.5129  -0.5129   0.5826   0.3997   0.3126   0.7303   0.6475   0.5993
kh           0.1468   0.2001   0.0652   0.9207   0.7273   1.0000  -0.1566  -0.3611   0.2519   0.2139  -0.2139   0.2139  -0.1340  -0.1202  -0.4240   0.0627  -0.0510  -0.1130
x            0.8290   0.9343   0.5499   0.2405   0.5625  -0.1566   1.0000   0.7869   0.5095  -0.9982   0.9982  -0.9982   0.9977   0.7212   0.9557   0.9751   0.9942   0.9985
xm           0.6203   0.6869   0.4227  -0.0301   0.2691  -0.3611   0.7869   1.0000  -0.1301  -0.7935   0.7935  -0.7935   0.8163   0.5704   0.8743   0.7373   0.7677   0.7935
xh           0.4670   0.5433   0.2941   0.4283   0.5285   0.2519   0.5095  -0.1301   1.0000  -0.4975   0.4975  -0.4975   0.4647   0.3634   0.3164   0.5387   0.5269   0.4979
l           -0.8105  -0.9115  -0.5395  -0.1832  -0.5129   0.2139  -0.9982  -0.7935  -0.4975   1.0000  -1.0000   1.0000  -0.9939  -0.7203  -0.9692  -0.9602  -0.9861  -0.9938
hm           0.8105   0.9115   0.5395   0.1832   0.5129  -0.2139   0.9982   0.7935   0.4975  -1.0000   1.0000  -1.0000   0.9939   0.7203   0.9692   0.9602   0.9861   0.9938
hh          -0.8105  -0.9115  -0.5395  -0.1832  -0.5129   0.2139  -0.9982  -0.7935  -0.4975   1.0000  -1.0000   1.0000  -0.9939  -0.7203  -0.9692  -0.9602  -0.9861  -0.9938
zm           0.8374   0.9441   0.5551   0.2634   0.5826  -0.1340   0.9977   0.8163   0.4647  -0.9939   0.9939  -0.9939   1.0000   0.7195   0.9535   0.9803   0.9955   0.9993
zh           0.9284   0.6713   0.9633   0.1664   0.3997  -0.1202   0.7212   0.5704   0.3634  -0.7203   0.7203  -0.7203   0.7195   1.0000   0.6915   0.7017   0.7163   0.7199
r            0.7206   0.8017   0.4876  -0.0372   0.3126  -0.4240   0.9557   0.8743   0.3164  -0.9692   0.9692  -0.9692   0.9535   0.6915   1.0000   0.8752   0.9226   0.9452
w            0.8719   0.9901   0.5715   0.4472   0.7303   0.0627   0.9751   0.7373   0.5387  -0.9602   0.9602  -0.9602   0.9803   0.7017   0.8752   1.0000   0.9933   0.9845
y            0.8550   0.9673   0.5639   0.3424   0.6475  -0.0510   0.9942   0.7677   0.5269  -0.9861   0.9861  -0.9861   0.9955   0.7163   0.9226   0.9933   1.0000   0.9980
T            0.8421   0.9504   0.5574   0.2836   0.5993  -0.1130   0.9985   0.7935   0.4979  -0.9938   0.9938  -0.9938   0.9993   0.7199   0.9452   0.9845   0.9980   1.0000


AUTOCORRELATION OF SIMULATED VARIABLES (HP filter, lambda = 1600)
VARIABLE          1        2        3        4        5
C            0.7470   0.5260   0.3534   0.2046   0.0694
cm           0.7757   0.5643   0.4034   0.2612   0.1229
ch           0.7198   0.4834   0.3030   0.1450   0.0203
k            0.9633   0.8730   0.7462   0.5962   0.4341
km           0.9169   0.7968   0.6617   0.5136   0.3576
kh           0.9455   0.8434   0.7130   0.5639   0.4039
x            0.7635   0.5098   0.3265   0.1772   0.0413
xm           0.2290   0.0880   0.0770   0.0517  -0.0324
xh           0.4512   0.2634   0.1808   0.1038  -0.0016
l            0.7665   0.5100   0.3245   0.1741   0.0379
hm           0.7665   0.5100   0.3245   0.1741   0.0379
hh           0.7665   0.5100   0.3245   0.1741   0.0379
zm           0.7267   0.4835   0.3137   0.1736   0.0412
zh           0.7328   0.4834   0.2946   0.1364   0.0072
r            0.6987   0.4596   0.2978   0.1640   0.0341
w            0.7649   0.5325   0.3615   0.2167   0.0801
y            0.7617   0.5162   0.3381   0.1910   0.0551
T            0.7483   0.5011   0.3247   0.1796   0.0452



VARIANCE DECOMPOSITION SIMULATING ONE SHOCK AT A TIME (in percent) (HP filter, lambda = 1600)
                    eh                em  Tot. lin. contr.
C                86.84              9.88             96.72
cm               43.65             49.64             93.29
ch               97.59              5.74            103.33
k                38.90             51.40             90.30
km               40.01             51.37             91.38
kh               39.46             50.46             89.92
x                45.15             48.28             93.43
xm               44.31             49.91             94.22
xh               44.69             49.31             94.00
l                45.24             48.12             93.36
hm               45.24             48.12             93.36
hh               45.24             48.12             93.36
zm               44.99             48.53             93.52
zh              100.11              0.00            100.11
r                45.07             48.06             93.13
w                44.40             49.07             93.47
y                44.86             48.63             93.50
T                45.00             48.49             93.49
Note: numbers do not add up to 100 due to non-zero correlation of simulated shocks in small samples

Total computing time : 0h00m23s
